2019-10-31 20:01:45,943 - INFO - [MainThread] UM.PluginRegistry.loadPlugin [394]: Loaded plugin FileLogger
2019-10-31 20:01:45,955 - INFO - [MainThread] UM.PluginRegistry.loadPlugin [394]: Loaded plugin LegacyProfileReader
2019-10-31 20:01:45,967 - INFO - [MainThread] UM.PluginRegistry.loadPlugin [394]: Loaded plugin AMFReader
2019-10-31 20:01:45,978 - INFO - [MainThread] UM.PluginRegistry.loadPlugin [394]: Loaded plugin SimpleView
2019-10-31 20:01:45,990 - INFO - [MainThread] UM.PluginRegistry.loadPlugin [394]: Loaded plugin SolidView
2019-10-31 20:01:46,006 - INFO - [MainThread] UM.PluginRegistry.loadPlugin [394]: Loaded plugin FirmwareUpdateChecker
2019-10-31 20:01:46,019 - INFO - [MainThread] UM.PluginRegistry.loadPlugin [394]: Loaded plugin SupportEraser
2019-10-31 20:01:46,030 - INFO - [MainThread] UM.PluginRegistry.loadPlugin [394]: Loaded plugin PrepareStage
2019-10-31 20:01:46,046 - INFO - [MainThread] UM.PluginRegistry.loadPlugin [394]: Loaded plugin OctoPrintPlugin
2019-10-31 20:01:46,084 - DEBUG - [MainThread] UM.Backend.Backend._logSocketState [171]: Socket state changed to Listening
2019-10-31 20:01:46,116 - INFO - [MainThread] UM.Backend.Backend.startEngine [81]: Started engine process: /Applications/Ultimaker Cura.app/Contents/MacOS/CuraEngine
2019-10-31 20:01:46,119 - DEBUG - [MainThread] UM.Backend.Backend._backendLog [101]: [Backend] Calling engine with: ['/Applications/Ultimaker Cura.app/Contents/MacOS/CuraEngine', 'connect', '127.0.0.1:49674', '']
2019-10-31 20:01:46,129 - DEBUG - [MainThread] UM.Backend.Backend._logSocketState [175]: Socket state changed to Connected
2019-10-31 20:01:46,134 - DEBUG - [Thread-13] UM.Backend.Backend._backendLog [101]: [Backend] 
2019-10-31 20:01:46,135 - DEBUG - [MainThread] UM.Backend.Backend._onSocketStateChanged [165]: Backend connected on port 49674
2019-10-31 20:01:46,138 - DEBUG - [Thread-13] UM.Backend.Backend._backendLog [101]: [Backend] Cura_SteamEngine version 4.3.0
2019-10-31 20:01:46,142 - DEBUG - [Thread-13] UM.Backend.Backend._backendLog [101]: [Backend] Copyright (C) 2019 Ultimaker
2019-10-31 20:01:46,144 - DEBUG - [Thread-13] UM.Backend.Backend._backendLog [101]: [Backend] 
2019-10-31 20:01:46,147 - DEBUG - [Thread-13] UM.Backend.Backend._backendLog [101]: [Backend] This program is free software: you can redistribute it and/or modify
2019-10-31 20:01:46,150 - INFO - [MainThread] UM.VersionUpgradeManager.upgrade [145]: Looking for old configuration files to upgrade.
2019-10-31 20:01:46,153 - DEBUG - [Thread-13] UM.Backend.Backend._backendLog [101]: [Backend] it under the terms of the GNU Affero General Public License as published by
2019-10-31 20:01:46,155 - DEBUG - [Thread-13] UM.Backend.Backend._backendLog [101]: [Backend] the Free Software Foundation, either version 3 of the License, or
2019-10-31 20:01:46,159 - DEBUG - [Thread-13] UM.Backend.Backend._backendLog [101]: [Backend] (at your option) any later version.
2019-10-31 20:01:46,162 - DEBUG - [Thread-13] UM.Backend.Backend._backendLog [101]: [Backend] 
2019-10-31 20:01:46,164 - DEBUG - [Thread-13] UM.Backend.Backend._backendLog [101]: [Backend] This program is distributed in the hope that it will be useful,
2019-10-31 20:01:46,167 - DEBUG - [Thread-13] UM.Backend.Backend._backendLog [101]: [Backend] but WITHOUT ANY WARRANTY; without even the implied warranty of
2019-10-31 20:01:46,171 - DEBUG - [Thread-13] UM.Backend.Backend._backendLog [101]: [Backend] MERCHANTABILITY or FITNESS FOR A PARTICULAR PURPOSE.  See the
2019-10-31 20:01:46,173 - DEBUG - [Thread-13] UM.Backend.Backend._backendLog [101]: [Backend] GNU Affero General Public License for more details.
2019-10-31 20:01:46,176 - DEBUG - [Thread-13] UM.Backend.Backend._backendLog [101]: [Backend] 
2019-10-31 20:01:46,178 - DEBUG - [Thread-13] UM.Backend.Backend._backendLog [101]: [Backend] You should have received a copy of the GNU Affero General Public License
2019-10-31 20:01:46,181 - DEBUG - [Thread-13] UM.Backend.Backend._backendLog [101]: [Backend] along with this program.  If not, see <http://www.gnu.org/licenses/>.
2019-10-31 20:01:46,191 - INFO - [MainThread] UM.VersionUpgradeManager._getUpgradeTasks [310]: Create upgrade task for configuration file [./Creality+Ender-3_settings.inst.cfg] with type [definition_changes] and source version [4000008]
2019-10-31 20:01:46,194 - INFO - [MainThread] UM.VersionUpgradeManager._getUpgradeTasks [310]: Create upgrade task for configuration file [./creality_base_extruder_0+%232_settings.inst.cfg] with type [definition_changes] and source version [4000008]
2019-10-31 20:01:46,201 - INFO - [MainThread] UM.VersionUpgradeManager._getUpgradeTasks [310]: Create upgrade task for configuration file [./creality_base_extruder_0+%232.extruder.cfg] with type [extruder_train] and source version [4000008]
2019-10-31 20:01:46,208 - INFO - [MainThread] UM.VersionUpgradeManager._getUpgradeTasks [310]: Create upgrade task for configuration file [./Creality+Ender-3.global.cfg] with type [machine_stack] and source version [4000008]
2019-10-31 20:01:46,221 - INFO - [MainThread] UM.VersionUpgradeManager._getUpgradeTasks [310]: Create upgrade task for configuration file [./cura.cfg] with type [preferences] and source version [6000008]
2019-10-31 20:01:46,228 - WARNING - [MainThread] UM.VersionUpgradeManager._getUpgradeTasks [306]: Failed to get file version: ../custom_material.xml.fdm_material, skip it
2019-10-31 20:01:46,230 - WARNING - [MainThread] UM.VersionUpgradeManager._getUpgradeTasks [306]: Failed to get file version: ../custom_material+%232.xml.fdm_material, skip it
2019-10-31 20:01:46,238 - INFO - [MainThread] UM.VersionUpgradeManager._getUpgradeTasks [310]: Create upgrade task for configuration file [./Creality+Ender-3_user.inst.cfg] with type [user] and source version [4000008]
2019-10-31 20:01:46,241 - INFO - [MainThread] UM.VersionUpgradeManager._getUpgradeTasks [310]: Create upgrade task for configuration file [./creality_base_extruder_0+%232_user.inst.cfg] with type [user] and source version [4000008]
2019-10-31 20:01:46,246 - INFO - [MainThread] UM.VersionUpgradeManager._upgradeFile [394]: Upgraded ./Creality+Ender-3_settings.inst.cfg to version 4000009.
2019-10-31 20:01:46,249 - INFO - [MainThread] UM.VersionUpgradeManager._upgradeFile [394]: Upgraded ./creality_base_extruder_0+%232_settings.inst.cfg to version 4000009.
2019-10-31 20:01:46,253 - INFO - [MainThread] UM.VersionUpgradeManager._upgradeFile [394]: Upgraded ./creality_base_extruder_0+%232.extruder.cfg to version 4000009.
2019-10-31 20:01:46,257 - INFO - [MainThread] UM.VersionUpgradeManager._upgradeFile [394]: Upgraded ./Creality+Ender-3.global.cfg to version 4000009.
2019-10-31 20:01:46,261 - INFO - [MainThread] UM.VersionUpgradeManager._upgradeFile [394]: Upgraded ./cura.cfg to version 6000009.
2019-10-31 20:01:46,265 - INFO - [MainThread] UM.VersionUpgradeManager._upgradeFile [394]: Upgraded ./Creality+Ender-3_user.inst.cfg to version 4000009.
2019-10-31 20:01:46,269 - INFO - [MainThread] UM.VersionUpgradeManager._upgradeFile [394]: Upgraded ./creality_base_extruder_0+%232_user.inst.cfg to version 4000009.
2019-10-31 20:01:48,753 - DEBUG - [MainThread] UM.Settings.ContainerRegistry.loadAllMetadata [342]: Loading metadata into container registry took 2.366645097732544 seconds
2019-10-31 20:01:48,880 - DEBUG - [MainThread] cura.Scene.CuraSceneController.setActiveBuildPlate [104]: Select build plate: 0
2019-10-31 20:01:48,884 - INFO - [MainThread] cura.CuraApplication.run [729]: Initializing variant manager
2019-10-31 20:01:49,250 - DEBUG - [MainThread] cura.Machines.VariantManager.initialize [59]: Exclude variant [empty_variant]
2019-10-31 20:01:49,256 - INFO - [MainThread] cura.CuraApplication.run [733]: Initializing material manager
2019-10-31 20:01:49,366 - ERROR - [MainThread] cura.Machines.MaterialManager.__addMaterialMetadataIntoLookupTree [266]: Material custom_material #2_imade3d_jellybox_0.4_mm_2-fans contains a variant 0.4 mm 2-fans that does not exist. It will not be added into the material lookup tree.
2019-10-31 20:01:49,380 - ERROR - [MainThread] cura.Machines.MaterialManager.__addMaterialMetadataIntoLookupTree [266]: Material custom_material_imade3d_jellybox_0.4_mm_2-fans contains a variant 0.4 mm 2-fans that does not exist. It will not be added into the material lookup tree.
2019-10-31 20:01:49,386 - INFO - [MainThread] cura.CuraApplication.run [738]: Initializing quality manager
2019-10-31 20:01:49,403 - DEBUG - [MainThread] cura.Machines.QualityManager.initialize [136]: Lookup tables updated.
2019-10-31 20:01:49,406 - INFO - [MainThread] cura.CuraApplication.run [743]: Initializing machine manager
2019-10-31 20:01:49,408 - INFO - [MainThread] cura.CuraApplication.run [746]: Initializing container manager
2019-10-31 20:01:49,411 - INFO - [MainThread] cura.CuraApplication.run [749]: Initializing machine error checker
2019-10-31 20:01:49,888 - INFO - [MainThread] cura.UI.MachineActionManager.addDefaultMachineActions [72]: Default machine actions added for machine definition [creality_ender3]
2019-10-31 20:01:49,913 - WARNING - [MainThread] UM.Settings.ContainerRegistry.addContainer [379]: Container with ID custom_material #2_creality_ender3 was already added.
2019-10-31 20:01:50,450 - DEBUG - [MainThread] PostProcessingPlugin.PostProcessingPlugin.loadScripts [170]: Begin loading of script: BQ_PauseAtHeight
2019-10-31 20:01:50,454 - DEBUG - [MainThread] PostProcessingPlugin.PostProcessingPlugin.loadScripts [170]: Begin loading of script: ChangeAtZ
2019-10-31 20:01:50,455 - DEBUG - [MainThread] PostProcessingPlugin.PostProcessingPlugin.loadScripts [170]: Begin loading of script: DisplayFilenameAndLayerOnLCD
2019-10-31 20:01:50,457 - DEBUG - [MainThread] PostProcessingPlugin.PostProcessingPlugin.loadScripts [170]: Begin loading of script: FilamentChange
2019-10-31 20:01:50,458 - DEBUG - [MainThread] PostProcessingPlugin.PostProcessingPlugin.loadScripts [170]: Begin loading of script: InsertAtLayerChange
2019-10-31 20:01:50,461 - DEBUG - [MainThread] PostProcessingPlugin.PostProcessingPlugin.loadScripts [170]: Begin loading of script: PauseAtHeight
2019-10-31 20:01:50,463 - DEBUG - [MainThread] PostProcessingPlugin.PostProcessingPlugin.loadScripts [170]: Begin loading of script: PauseAtHeightRepRapFirmwareDuet
2019-10-31 20:01:50,465 - DEBUG - [MainThread] PostProcessingPlugin.PostProcessingPlugin.loadScripts [170]: Begin loading of script: PauseAtHeightforRepetier
2019-10-31 20:01:50,466 - DEBUG - [MainThread] PostProcessingPlugin.PostProcessingPlugin.loadScripts [170]: Begin loading of script: SearchAndReplace
2019-10-31 20:01:50,472 - DEBUG - [MainThread] PostProcessingPlugin.PostProcessingPlugin.loadScripts [170]: Begin loading of script: Stretch
2019-10-31 20:01:50,473 - DEBUG - [MainThread] PostProcessingPlugin.PostProcessingPlugin.loadScripts [170]: Begin loading of script: TimeLapse
2019-10-31 20:01:50,474 - DEBUG - [MainThread] PostProcessingPlugin.PostProcessingPlugin.loadScripts [170]: Begin loading of script: UsePreviousProbeMeasurements
2019-10-31 20:01:50,631 - INFO - [Thread-2] STLReader.STLReader.load_file [46]: Using NumPy-STL to load STL data.
2019-10-31 20:01:50,641 - INFO - [MainThread] cura.Settings.GlobalStack.addExtruder [161]: Extruder[creality_base_extruder_0 #2] added to [Creality Ender-3] at position [0]
2019-10-31 20:01:50,643 - WARNING - [MainThread] cura.Settings.ExtruderManager.registerExtruder [170]: Extruder [creality_base_extruder_0 #2] has already been registered on machine [Creality Ender-3], not doing anything
2019-10-31 20:01:50,646 - DEBUG - [Thread-2] UM.Mesh.MeshData.calculateNormalsFromVertices [462]: Calculating normals took 0.0016129016876220703 seconds
2019-10-31 20:01:50,681 - DEBUG - [Thread-2] STLReader.STLReader._read [97]: Loaded a mesh with 8520 vertices
2019-10-31 20:01:50,732 - DEBUG - [MainThread] cura.Machines.MaterialManager.getAvailableMaterials [361]: Exclude materials fabtotum_pla, filo3d_pla_green, octofiber_pla, fabtotum_tpu, innofill_innoflex60_175, Vertex_Delta_PET, dsm_arnitel2045_175, polyflex_pla, polymax_pla, tizyx_pla_bois, fiberlogy_hd_pla, verbatim_bvoh_175, fabtotum_abs, fabtotum_nylon, zyyx_pro_pla, dsm_novamid1070_175, chromatik_pla, Vertex_Delta_ABS, zyyx_pro_flex, filo3d_pla, tizyx_abs, tizyx_pla, polyplus_pla, Vertex_Delta_TPU, Vertex_Delta_PLA, filo3d_pla_red, polywood_pla for machine creality_ender3
2019-10-31 20:01:50,735 - INFO - [MainThread] cura.Settings.MachineManager._initMachineState [330]: Machine 'Creality Ender-3' quality set to 'standard'
2019-10-31 20:01:50,932 - INFO - [MainThread] FirmwareUpdateChecker.FirmwareUpdateChecker.checkFirmwareVersion [74]: No machine with name Creality Ender-3 in list of firmware to check.
2019-10-31 20:01:50,965 - DEBUG - [MainThread] UM.Scene.Camera._preferencesChanged [231]: Changing perspective mode to perspective.
2019-10-31 20:01:51,677 - DEBUG - [MainThread] PostProcessingPlugin.PostProcessingPlugin._createView [281]: Creating post processing plugin view.
2019-10-31 20:01:51,743 - DEBUG - [MainThread] UM.Qt.Bindings.Theme.load [158]: Loading theme file: /Applications/Ultimaker Cura.app/Contents/MacOS/resources/themes/cura-light/theme.json
2019-10-31 20:01:51,844 - DEBUG - [MainThread] UM.Qt.Bindings.Theme.load [231]: Loaded theme /Applications/Ultimaker Cura.app/Contents/MacOS/resources/themes/cura-light
2019-10-31 20:01:51,974 - DEBUG - [MainThread] PostProcessingPlugin.PostProcessingPlugin._createView [291]: Post processing view created.
2019-10-31 20:01:52,087 - DEBUG - [MainThread] cura.OAuth2.AuthorizationService._parseJWT [93]: There was no auth data or access token
2019-10-31 20:01:52,089 - DEBUG - [MainThread] cura.OAuth2.AuthorizationService._parseJWT [93]: There was no auth data or access token
2019-10-31 20:01:52,093 - DEBUG - [MainThread] cura.OAuth2.AuthorizationService._parseJWT [93]: There was no auth data or access token
2019-10-31 20:01:52,096 - WARNING - [MainThread] UM.Qt.Bindings.Theme.getImage [133]: No image header_pattern defined in Theme
2019-10-31 20:01:52,104 - WARNING - [MainThread] UM.Decorators.deprecated_function [19]: <function MachineManager.currentExtruderPositions at 0x600005cf4b58> is deprecated (since 4.2): use Cura.MachineManager.activeMachine.extruders instead
2019-10-31 20:01:52,107 - WARNING - [MainThread] UM.Decorators.deprecated_function [19]: <function MachineManager.hasVariantBuildplates at 0x600005cee658> is deprecated (since 4.2): use Cura.MachineManager.activeMachine.hasVariantBuildplates instead
2019-10-31 20:01:52,112 - DEBUG - [MainThread] cura.Machines.Models.BuildPlateModel._update [33]: Updating BuildPlateModel.
2019-10-31 20:01:52,564 - WARNING - [MainThread] UM.Qt.QtApplication.__onQmlWarning [369]: file:///Applications/Ultimaker Cura.app/Contents/MacOS/resources/qml/IconWithText.qml:51:5: QML Label: Binding loop detected for property "text"
2019-10-31 20:01:52,595 - WARNING - [MainThread] UM.Decorators.deprecated_function [19]: <function MachineManager._getExtruder at 0x600005cf4378> is deprecated (since 4.2): use Cura.MachineManager.activeMachine.extruders instead
2019-10-31 20:01:52,613 - DEBUG - [MainThread] cura.Machines.Models.NozzleModel._update [34]: Updating NozzleModel.
2019-10-31 20:01:52,616 - DEBUG - [MainThread] cura.Machines.MaterialManager.getAvailableMaterials [361]: Exclude materials fabtotum_pla, filo3d_pla_green, octofiber_pla, fabtotum_tpu, innofill_innoflex60_175, Vertex_Delta_PET, dsm_arnitel2045_175, polyflex_pla, polymax_pla, tizyx_pla_bois, fiberlogy_hd_pla, verbatim_bvoh_175, fabtotum_abs, fabtotum_nylon, zyyx_pro_pla, dsm_novamid1070_175, chromatik_pla, Vertex_Delta_ABS, zyyx_pro_flex, filo3d_pla, tizyx_abs, tizyx_pla, polyplus_pla, Vertex_Delta_TPU, Vertex_Delta_PLA, filo3d_pla_red, polywood_pla for machine creality_ender3
2019-10-31 20:01:52,619 - DEBUG - [MainThread] cura.Machines.MaterialManager.getAvailableMaterials [361]: Exclude materials fabtotum_pla, filo3d_pla_green, octofiber_pla, fabtotum_tpu, innofill_innoflex60_175, Vertex_Delta_PET, dsm_arnitel2045_175, polyflex_pla, polymax_pla, tizyx_pla_bois, fiberlogy_hd_pla, verbatim_bvoh_175, fabtotum_abs, fabtotum_nylon, zyyx_pro_pla, dsm_novamid1070_175, chromatik_pla, Vertex_Delta_ABS, zyyx_pro_flex, filo3d_pla, tizyx_abs, tizyx_pla, polyplus_pla, Vertex_Delta_TPU, Vertex_Delta_PLA, filo3d_pla_red, polywood_pla for machine creality_ender3
2019-10-31 20:01:52,623 - DEBUG - [MainThread] cura.Machines.MaterialManager.getAvailableMaterials [361]: Exclude materials fabtotum_pla, filo3d_pla_green, octofiber_pla, fabtotum_tpu, innofill_innoflex60_175, Vertex_Delta_PET, dsm_arnitel2045_175, polyflex_pla, polymax_pla, tizyx_pla_bois, fiberlogy_hd_pla, verbatim_bvoh_175, fabtotum_abs, fabtotum_nylon, zyyx_pro_pla, dsm_novamid1070_175, chromatik_pla, Vertex_Delta_ABS, zyyx_pro_flex, filo3d_pla, tizyx_abs, tizyx_pla, polyplus_pla, Vertex_Delta_TPU, Vertex_Delta_PLA, filo3d_pla_red, polywood_pla for machine creality_ender3
2019-10-31 20:01:52,633 - WARNING - [MainThread] UM.Decorators.deprecated_function [19]: <function MachineManager.hasVariants at 0x600005cf3e88> is deprecated (since 4.2): use Cura.MachineManager.activeMachine.hasVariants instead
2019-10-31 20:01:52,636 - WARNING - [MainThread] UM.Decorators.deprecated_function [19]: <function MachineManager.hasMaterials at 0x600005cf3d68> is deprecated (since 4.2): use Cura.MachineManager.activeMachine.hasMaterials instead
2019-10-31 20:01:52,639 - DEBUG - [MainThread] cura.Machines.MaterialManager.getAvailableMaterials [361]: Exclude materials fabtotum_pla, filo3d_pla_green, octofiber_pla, fabtotum_tpu, innofill_innoflex60_175, Vertex_Delta_PET, dsm_arnitel2045_175, polyflex_pla, polymax_pla, tizyx_pla_bois, fiberlogy_hd_pla, verbatim_bvoh_175, fabtotum_abs, fabtotum_nylon, zyyx_pro_pla, dsm_novamid1070_175, chromatik_pla, Vertex_Delta_ABS, zyyx_pro_flex, filo3d_pla, tizyx_abs, tizyx_pla, polyplus_pla, Vertex_Delta_TPU, Vertex_Delta_PLA, filo3d_pla_red, polywood_pla for machine creality_ender3
2019-10-31 20:01:52,643 - DEBUG - [MainThread] cura.Machines.MaterialManager.getAvailableMaterials [361]: Exclude materials fabtotum_pla, filo3d_pla_green, octofiber_pla, fabtotum_tpu, innofill_innoflex60_175, Vertex_Delta_PET, dsm_arnitel2045_175, polyflex_pla, polymax_pla, tizyx_pla_bois, fiberlogy_hd_pla, verbatim_bvoh_175, fabtotum_abs, fabtotum_nylon, zyyx_pro_pla, dsm_novamid1070_175, chromatik_pla, Vertex_Delta_ABS, zyyx_pro_flex, filo3d_pla, tizyx_abs, tizyx_pla, polyplus_pla, Vertex_Delta_TPU, Vertex_Delta_PLA, filo3d_pla_red, polywood_pla for machine creality_ender3
2019-10-31 20:01:52,646 - DEBUG - [MainThread] cura.Machines.MaterialManager.getAvailableMaterials [361]: Exclude materials fabtotum_pla, filo3d_pla_green, octofiber_pla, fabtotum_tpu, innofill_innoflex60_175, Vertex_Delta_PET, dsm_arnitel2045_175, polyflex_pla, polymax_pla, tizyx_pla_bois, fiberlogy_hd_pla, verbatim_bvoh_175, fabtotum_abs, fabtotum_nylon, zyyx_pro_pla, dsm_novamid1070_175, chromatik_pla, Vertex_Delta_ABS, zyyx_pro_flex, filo3d_pla, tizyx_abs, tizyx_pla, polyplus_pla, Vertex_Delta_TPU, Vertex_Delta_PLA, filo3d_pla_red, polywood_pla for machine creality_ender3
2019-10-31 20:01:52,754 - DEBUG - [MainThread] OctoPrintPlugin.DiscoverOctoPrintAction._createAdditionalComponentsView [350]: Creating additional ui components for OctoPrint-connected printers.
2019-10-31 20:01:52,762 - WARNING - [MainThread] UM.Qt.QtApplication.__onQmlWarning [369]: file:///Applications/Ultimaker Cura.app/Contents/Resources/qml/QtQuick/Controls/Button.qml:99: TypeError: Cannot read property of null
2019-10-31 20:01:52,765 - WARNING - [MainThread] UM.Qt.QtApplication.__onQmlWarning [369]: file:///Users/berns/Library/Application Support/cura/4.3/plugins/OctoPrintPlugin/OctoPrintPlugin/qml/OctoPrintComponents.qml:25:16: Unable to assign [undefined] to QQmlComponent*
2019-10-31 20:01:52,767 - DEBUG - [MainThread] UM.Controller.setActiveStage [150]: Setting active stage to PrepareStage
2019-10-31 20:01:52,840 - DEBUG - [MainThread] cura.Machines.MaterialManager.getAvailableMaterials [361]: Exclude materials fabtotum_pla, filo3d_pla_green, octofiber_pla, fabtotum_tpu, innofill_innoflex60_175, Vertex_Delta_PET, dsm_arnitel2045_175, polyflex_pla, polymax_pla, tizyx_pla_bois, fiberlogy_hd_pla, verbatim_bvoh_175, fabtotum_abs, fabtotum_nylon, zyyx_pro_pla, dsm_novamid1070_175, chromatik_pla, Vertex_Delta_ABS, zyyx_pro_flex, filo3d_pla, tizyx_abs, tizyx_pla, polyplus_pla, Vertex_Delta_TPU, Vertex_Delta_PLA, filo3d_pla_red, polywood_pla for machine creality_ender3
2019-10-31 20:01:52,843 - DEBUG - [MainThread] cura.Machines.MaterialManager.getAvailableMaterials [361]: Exclude materials fabtotum_pla, filo3d_pla_green, octofiber_pla, fabtotum_tpu, innofill_innoflex60_175, Vertex_Delta_PET, dsm_arnitel2045_175, polyflex_pla, polymax_pla, tizyx_pla_bois, fiberlogy_hd_pla, verbatim_bvoh_175, fabtotum_abs, fabtotum_nylon, zyyx_pro_pla, dsm_novamid1070_175, chromatik_pla, Vertex_Delta_ABS, zyyx_pro_flex, filo3d_pla, tizyx_abs, tizyx_pla, polyplus_pla, Vertex_Delta_TPU, Vertex_Delta_PLA, filo3d_pla_red, polywood_pla for machine creality_ender3
2019-10-31 20:01:52,846 - DEBUG - [MainThread] cura.Machines.MaterialManager.getAvailableMaterials [361]: Exclude materials fabtotum_pla, filo3d_pla_green, octofiber_pla, fabtotum_tpu, innofill_innoflex60_175, Vertex_Delta_PET, dsm_arnitel2045_175, polyflex_pla, polymax_pla, tizyx_pla_bois, fiberlogy_hd_pla, verbatim_bvoh_175, fabtotum_abs, fabtotum_nylon, zyyx_pro_pla, dsm_novamid1070_175, chromatik_pla, Vertex_Delta_ABS, zyyx_pro_flex, filo3d_pla, tizyx_abs, tizyx_pla, polyplus_pla, Vertex_Delta_TPU, Vertex_Delta_PLA, filo3d_pla_red, polywood_pla for machine creality_ender3
2019-10-31 20:01:52,851 - DEBUG - [MainThread] cura.Machines.Models.NozzleModel._update [34]: Updating NozzleModel.
2019-10-31 20:01:52,855 - WARNING - [MainThread] UM.Decorators.deprecated_function [19]: <function MachineManager.activeMachineHasRemoteConnection at 0x600005cf29b8> is deprecated (since 4.2): use Cura.MachineManager.activeMachine.configuredConnectionTypes instead
2019-10-31 20:01:52,873 - DEBUG - [MainThread] cura.Machines.MaterialManager.getAvailableMaterials [361]: Exclude materials fabtotum_pla, filo3d_pla_green, octofiber_pla, fabtotum_tpu, innofill_innoflex60_175, Vertex_Delta_PET, dsm_arnitel2045_175, polyflex_pla, polymax_pla, tizyx_pla_bois, fiberlogy_hd_pla, verbatim_bvoh_175, fabtotum_abs, fabtotum_nylon, zyyx_pro_pla, dsm_novamid1070_175, chromatik_pla, Vertex_Delta_ABS, zyyx_pro_flex, filo3d_pla, tizyx_abs, tizyx_pla, polyplus_pla, Vertex_Delta_TPU, Vertex_Delta_PLA, filo3d_pla_red, polywood_pla for machine creality_ender3
2019-10-31 20:01:52,878 - DEBUG - [MainThread] cura.Machines.MaterialManager.getAvailableMaterials [361]: Exclude materials fabtotum_pla, filo3d_pla_green, octofiber_pla, fabtotum_tpu, innofill_innoflex60_175, Vertex_Delta_PET, dsm_arnitel2045_175, polyflex_pla, polymax_pla, tizyx_pla_bois, fiberlogy_hd_pla, verbatim_bvoh_175, fabtotum_abs, fabtotum_nylon, zyyx_pro_pla, dsm_novamid1070_175, chromatik_pla, Vertex_Delta_ABS, zyyx_pro_flex, filo3d_pla, tizyx_abs, tizyx_pla, polyplus_pla, Vertex_Delta_TPU, Vertex_Delta_PLA, filo3d_pla_red, polywood_pla for machine creality_ender3
2019-10-31 20:01:52,881 - DEBUG - [MainThread] cura.Machines.MaterialManager.getAvailableMaterials [361]: Exclude materials fabtotum_pla, filo3d_pla_green, octofiber_pla, fabtotum_tpu, innofill_innoflex60_175, Vertex_Delta_PET, dsm_arnitel2045_175, polyflex_pla, polymax_pla, tizyx_pla_bois, fiberlogy_hd_pla, verbatim_bvoh_175, fabtotum_abs, fabtotum_nylon, zyyx_pro_pla, dsm_novamid1070_175, chromatik_pla, Vertex_Delta_ABS, zyyx_pro_flex, filo3d_pla, tizyx_abs, tizyx_pla, polyplus_pla, Vertex_Delta_TPU, Vertex_Delta_PLA, filo3d_pla_red, polywood_pla for machine creality_ender3
2019-10-31 20:01:52,951 - WARNING - [MainThread] UM.Qt.QtApplication.__onQmlWarning [369]: file:///Applications/Ultimaker Cura.app/Contents/MacOS/resources/qml/ActionButton.qml:79:9: QML Label: Binding loop detected for property "width"
2019-10-31 20:01:52,955 - WARNING - [MainThread] UM.Qt.QtApplication.__onQmlWarning [369]: file:///Applications/Ultimaker Cura.app/Contents/MacOS/resources/qml/ActionButton.qml:79:9: QML Label: Binding loop detected for property "width"
2019-10-31 20:01:52,958 - WARNING - [MainThread] UM.Qt.QtApplication.__onQmlWarning [369]: file:///Applications/Ultimaker Cura.app/Contents/MacOS/plugins/plugins/PrepareStage/PrepareMain.qml:16:5: QML ActionPanelWidget: Binding loop detected for property "width"
2019-10-31 20:01:52,962 - DEBUG - [MainThread] UM.Controller.setActiveView [92]: Setting active view to SolidView
2019-10-31 20:01:53,391 - WARNING - [MainThread] UM.Decorators.deprecated_function [19]: <function MachineManager.activeMachineId at 0x600005cf26e8> is deprecated (since 4.1): use Cura.MachineManager.activeMachine.id instead
2019-10-31 20:01:54,323 - DEBUG - [MainThread] SliceInfoPlugin.SliceInfo._createDialog [68]: Creating dialog [MoreInfoWindow.qml]
2019-10-31 20:01:54,338 - DEBUG - [MainThread] ModelChecker.ModelChecker._createView [107]: Creating model checker view.
2019-10-31 20:01:54,344 - DEBUG - [MainThread] ModelChecker.ModelChecker._createView [116]: Model checker view created.
2019-10-31 20:01:54,345 - DEBUG - [MainThread] Toolbox.src.Toolbox._makeRequestByType [529]: Requesting packages metadata from server.
2019-10-31 20:01:54,697 - DEBUG - [MainThread] Toolbox.src.Toolbox._makeRequestByType [529]: Requesting authors metadata from server.
2019-10-31 20:01:54,703 - DEBUG - [MainThread] cura.CuraApplication.run [786]: Booting Cura took 10.825023889541626 seconds
2019-10-31 20:01:54,741 - DEBUG - [MainThread] cura.Machines.MachineErrorChecker._rescheduleCheck [136]: New error check scheduled.
2019-10-31 20:01:54,762 - DEBUG - [MainThread] cura.Machines.QualityManager.initialize [136]: Lookup tables updated.
2019-10-31 20:01:54,766 - INFO - [MainThread] cura.Machines.MaterialManager._updateMaps [281]: Updating material lookup data ...
2019-10-31 20:01:54,797 - ERROR - [MainThread] cura.Machines.MaterialManager.__addMaterialMetadataIntoLookupTree [266]: Material custom_material #2_imade3d_jellybox_0.4_mm_2-fans contains a variant 0.4 mm 2-fans that does not exist. It will not be added into the material lookup tree.
2019-10-31 20:01:54,811 - ERROR - [MainThread] cura.Machines.MaterialManager.__addMaterialMetadataIntoLookupTree [266]: Material custom_material_imade3d_jellybox_0.4_mm_2-fans contains a variant 0.4 mm 2-fans that does not exist. It will not be added into the material lookup tree.
2019-10-31 20:01:54,818 - DEBUG - [MainThread] cura.Machines.MaterialManager.getAvailableMaterials [361]: Exclude materials fabtotum_pla, filo3d_pla_green, octofiber_pla, fabtotum_tpu, innofill_innoflex60_175, Vertex_Delta_PET, dsm_arnitel2045_175, polyflex_pla, polymax_pla, tizyx_pla_bois, fiberlogy_hd_pla, verbatim_bvoh_175, fabtotum_abs, fabtotum_nylon, zyyx_pro_pla, dsm_novamid1070_175, chromatik_pla, Vertex_Delta_ABS, zyyx_pro_flex, filo3d_pla, tizyx_abs, tizyx_pla, polyplus_pla, Vertex_Delta_TPU, Vertex_Delta_PLA, filo3d_pla_red, polywood_pla for machine creality_ender3
2019-10-31 20:01:54,821 - DEBUG - [MainThread] cura.Settings.MachineManager._updateQualityWithMaterial [1291]: Updating quality/quality_changes due to material change
2019-10-31 20:01:54,823 - DEBUG - [MainThread] cura.Settings.MachineManager._updateQualityWithMaterial [1298]: Current quality type = [standard]
2019-10-31 20:01:54,825 - INFO - [MainThread] cura.Settings.MachineManager._updateQualityWithMaterial [1312]: Current available quality type [standard] is available, applying changes.
2019-10-31 20:01:54,828 - DEBUG - [MainThread] cura.Machines.MaterialManager.getAvailableMaterials [361]: Exclude materials fabtotum_pla, filo3d_pla_green, octofiber_pla, fabtotum_tpu, innofill_innoflex60_175, Vertex_Delta_PET, dsm_arnitel2045_175, polyflex_pla, polymax_pla, tizyx_pla_bois, fiberlogy_hd_pla, verbatim_bvoh_175, fabtotum_abs, fabtotum_nylon, zyyx_pro_pla, dsm_novamid1070_175, chromatik_pla, Vertex_Delta_ABS, zyyx_pro_flex, filo3d_pla, tizyx_abs, tizyx_pla, polyplus_pla, Vertex_Delta_TPU, Vertex_Delta_PLA, filo3d_pla_red, polywood_pla for machine creality_ender3
2019-10-31 20:01:54,831 - DEBUG - [MainThread] cura.Machines.MaterialManager.getAvailableMaterials [361]: Exclude materials fabtotum_pla, filo3d_pla_green, octofiber_pla, fabtotum_tpu, innofill_innoflex60_175, Vertex_Delta_PET, dsm_arnitel2045_175, polyflex_pla, polymax_pla, tizyx_pla_bois, fiberlogy_hd_pla, verbatim_bvoh_175, fabtotum_abs, fabtotum_nylon, zyyx_pro_pla, dsm_novamid1070_175, chromatik_pla, Vertex_Delta_ABS, zyyx_pro_flex, filo3d_pla, tizyx_abs, tizyx_pla, polyplus_pla, Vertex_Delta_TPU, Vertex_Delta_PLA, filo3d_pla_red, polywood_pla for machine creality_ender3
2019-10-31 20:01:54,911 - DEBUG - [MainThread] cura.Machines.MaterialManager.getAvailableMaterials [361]: Exclude materials fabtotum_pla, filo3d_pla_green, octofiber_pla, fabtotum_tpu, innofill_innoflex60_175, Vertex_Delta_PET, dsm_arnitel2045_175, polyflex_pla, polymax_pla, tizyx_pla_bois, fiberlogy_hd_pla, verbatim_bvoh_175, fabtotum_abs, fabtotum_nylon, zyyx_pro_pla, dsm_novamid1070_175, chromatik_pla, Vertex_Delta_ABS, zyyx_pro_flex, filo3d_pla, tizyx_abs, tizyx_pla, polyplus_pla, Vertex_Delta_TPU, Vertex_Delta_PLA, filo3d_pla_red, polywood_pla for machine creality_ender3
2019-10-31 20:01:54,976 - DEBUG - [MainThread] cura.Machines.Models.CustomQualityProfilesDropDownMenuModel._update [15]: Updating CustomQualityProfilesDropDownMenuModel.
2019-10-31 20:01:54,979 - INFO - [MainThread] cura.Machines.QualityManager.getQualityChangesGroups [179]: Cannot find node for machine def [creality_base] in QualityChanges lookup table
2019-10-31 20:01:54,981 - DEBUG - [MainThread] cura.Machines.Models.QualityProfilesDropDownMenuModel._update [61]: Updating QualityProfilesDropDownMenuModel.
2019-10-31 20:01:55,924 - DEBUG - [MainThread] UM.Qt.QtRenderer._initialize [181]: Support for Vertex Array Objects: True
2019-10-31 20:01:55,929 - DEBUG - [MainThread] UM.View.GL.OpenGL.__init__ [111]: Initialized OpenGL subsystems.
2019-10-31 20:01:55,931 - DEBUG - [MainThread] UM.View.GL.OpenGL.__init__ [112]: OpenGL Version:  4.1 INTEL-12.10.14
2019-10-31 20:01:55,934 - DEBUG - [MainThread] UM.View.GL.OpenGL.__init__ [113]: OpenGL Vendor:   Intel Inc.
2019-10-31 20:01:55,936 - DEBUG - [MainThread] UM.View.GL.OpenGL.__init__ [114]: OpenGL Renderer: Intel Iris Pro OpenGL Engine
2019-10-31 20:01:55,938 - DEBUG - [MainThread] UM.View.GL.OpenGL.__init__ [115]: GLSL Version:    4.10.0
2019-10-31 20:01:55,941 - DEBUG - [MainThread] UM.View.GL.ShaderProgram.load [56]: Loading shader file [/Applications/Ultimaker Cura.app/Contents/MacOS/resources/shaders/default.shader]...
2019-10-31 20:01:55,947 - DEBUG - [MainThread] UM.View.GL.ShaderProgram.load [56]: Loading shader file [/Applications/Ultimaker Cura.app/Contents/MacOS/resources/shaders/selection.shader]...
2019-10-31 20:01:55,951 - DEBUG - [MainThread] UM.View.GL.ShaderProgram.load [56]: Loading shader file [/Applications/Ultimaker Cura.app/Contents/MacOS/resources/shaders/select_face.shader]...
2019-10-31 20:01:55,956 - DEBUG - [MainThread] UM.View.GL.ShaderProgram.load [56]: Loading shader file [/Applications/Ultimaker Cura.app/Contents/MacOS/resources/shaders/default.shader]...
2019-10-31 20:01:55,962 - DEBUG - [MainThread] UM.View.GL.ShaderProgram.load [56]: Loading shader file [/Applications/Ultimaker Cura.app/Contents/MacOS/resources/shaders/composite.shader]...
2019-10-31 20:01:55,968 - DEBUG - [MainThread] UM.View.GL.ShaderProgram.load [56]: Loading shader file [/Applications/Ultimaker Cura.app/Contents/MacOS/resources/shaders/overhang.shader]...
2019-10-31 20:01:55,975 - DEBUG - [MainThread] UM.View.GL.ShaderProgram.load [56]: Loading shader file [/Applications/Ultimaker Cura.app/Contents/MacOS/resources/shaders/striped.shader]...
2019-10-31 20:01:55,981 - DEBUG - [MainThread] UM.View.GL.ShaderProgram.load [56]: Loading shader file [/Applications/Ultimaker Cura.app/Contents/MacOS/resources/shaders/transparent_object.shader]...
2019-10-31 20:01:55,988 - DEBUG - [MainThread] UM.View.GL.ShaderProgram.load [56]: Loading shader file [/Applications/Ultimaker Cura.app/Contents/MacOS/resources/shaders/striped.shader]...
2019-10-31 20:01:55,994 - DEBUG - [MainThread] UM.View.GL.ShaderProgram.load [56]: Loading shader file [/Applications/Ultimaker Cura.app/Contents/MacOS/resources/shaders/default.shader]...
2019-10-31 20:01:56,000 - DEBUG - [MainThread] UM.View.GL.ShaderProgram.load [56]: Loading shader file [/Applications/Ultimaker Cura.app/Contents/MacOS/resources/shaders/grid.shader]...
2019-10-31 20:01:56,006 - DEBUG - [MainThread] UM.View.GL.ShaderProgram.load [56]: Loading shader file [/Applications/Ultimaker Cura.app/Contents/MacOS/resources/shaders/platform.shader]...
2019-10-31 20:01:56,152 - DEBUG - [MainThread] cura.Machines.QualityManager.initialize [136]: Lookup tables updated.
2019-10-31 20:01:56,270 - DEBUG - [MainThread] cura.Machines.Models.CustomQualityProfilesDropDownMenuModel._update [15]: Updating CustomQualityProfilesDropDownMenuModel.
2019-10-31 20:01:56,272 - INFO - [MainThread] cura.Machines.QualityManager.getQualityChangesGroups [179]: Cannot find node for machine def [creality_base] in QualityChanges lookup table
2019-10-31 20:01:56,275 - DEBUG - [MainThread] cura.Machines.Models.QualityProfilesDropDownMenuModel._update [61]: Updating QualityProfilesDropDownMenuModel.
2019-10-31 20:01:56,753 - INFO - [MainThread] cura.Machines.MachineErrorChecker._setResult [188]: Error check finished, result = False, time = 2.0s
2019-10-31 20:02:06,376 - DEBUG - [MainThread] cura.AutoSave._onTimeout [56]: Autosaving preferences, instances and profiles
2019-10-31 20:04:05,946 - DEBUG - [MainThread] cura.TaskManagement.OnExitCallbackManager.triggerNextCallback [51]: No more on-app-exit callbacks to process. Tell the app to exit.
2019-10-31 20:04:05,949 - INFO - [MainThread] cura.CuraApplication.closeApplication [584]: Close application
2019-10-31 20:04:05,958 - DEBUG - [MainThread] UM.Qt.QtApplication.windowClosed [434]: Shutting down cura
2019-10-31 20:04:05,971 - DEBUG - [MainThread] CuraEngineBackend.CuraEngineBackend._terminate [292]: Attempting to kill the engine process
2019-10-31 20:04:05,971 - DEBUG - [MainThread] CuraEngineBackend.CuraEngineBackend._terminate [298]: Killing engine process
2019-10-31 20:04:05,972 - DEBUG - [MainThread] CuraEngineBackend.CuraEngineBackend._terminate [301]: Engine process is killed. Received return code -15
2019-12-25 12:59:52,058 - INFO - [MainThread] UM.PluginRegistry.loadPlugin [394]: Loaded plugin FileLogger
2019-12-25 12:59:52,104 - INFO - [MainThread] UM.PluginRegistry.loadPlugin [394]: Loaded plugin LegacyProfileReader
2019-12-25 12:59:52,139 - INFO - [MainThread] UM.PluginRegistry.loadPlugin [394]: Loaded plugin AMFReader
2019-12-25 12:59:52,162 - INFO - [MainThread] UM.PluginRegistry.loadPlugin [394]: Loaded plugin SimpleView
2019-12-25 12:59:52,191 - INFO - [MainThread] UM.PluginRegistry.loadPlugin [394]: Loaded plugin SolidView
2019-12-25 12:59:52,227 - INFO - [MainThread] UM.PluginRegistry.loadPlugin [394]: Loaded plugin FirmwareUpdateChecker
2019-12-25 12:59:52,261 - INFO - [MainThread] UM.PluginRegistry.loadPlugin [394]: Loaded plugin SupportEraser
2019-12-25 12:59:52,284 - INFO - [MainThread] UM.PluginRegistry.loadPlugin [394]: Loaded plugin PrepareStage
2019-12-25 12:59:52,355 - INFO - [MainThread] UM.PluginRegistry.loadPlugin [394]: Loaded plugin OctoPrintPlugin
2019-12-25 12:59:52,385 - INFO - [MainThread] UM.VersionUpgradeManager.upgrade [145]: Looking for old configuration files to upgrade.
2019-12-25 12:59:52,457 - WARNING - [MainThread] UM.VersionUpgradeManager._getUpgradeTasks [306]: Failed to get file version: ../custom_material.xml.fdm_material, skip it
2019-12-25 12:59:52,461 - WARNING - [MainThread] UM.VersionUpgradeManager._getUpgradeTasks [306]: Failed to get file version: ../custom_material+%232.xml.fdm_material, skip it
2019-12-25 12:59:52,476 - DEBUG - [MainThread] UM.Backend.Backend._logSocketState [171]: Socket state changed to Listening
2019-12-25 12:59:52,527 - INFO - [MainThread] UM.Backend.Backend.startEngine [81]: Started engine process: /Applications/Ultimaker Cura.app/Contents/MacOS/CuraEngine
2019-12-25 12:59:52,530 - DEBUG - [MainThread] UM.Backend.Backend._backendLog [101]: [Backend] Calling engine with: ['/Applications/Ultimaker Cura.app/Contents/MacOS/CuraEngine', 'connect', '127.0.0.1:49674', '']
2019-12-25 12:59:52,538 - DEBUG - [Thread-13] UM.Backend.Backend._backendLog [101]: [Backend] 
2019-12-25 12:59:52,542 - DEBUG - [Thread-13] UM.Backend.Backend._backendLog [101]: [Backend] Cura_SteamEngine version 4.3.0
2019-12-25 12:59:52,548 - DEBUG - [Thread-13] UM.Backend.Backend._backendLog [101]: [Backend] Copyright (C) 2019 Ultimaker
2019-12-25 12:59:52,551 - DEBUG - [Thread-13] UM.Backend.Backend._backendLog [101]: [Backend] 
2019-12-25 12:59:52,556 - DEBUG - [Thread-13] UM.Backend.Backend._backendLog [101]: [Backend] This program is free software: you can redistribute it and/or modify
2019-12-25 12:59:52,559 - DEBUG - [Thread-13] UM.Backend.Backend._backendLog [101]: [Backend] it under the terms of the GNU Affero General Public License as published by
2019-12-25 12:59:52,565 - DEBUG - [Thread-13] UM.Backend.Backend._backendLog [101]: [Backend] the Free Software Foundation, either version 3 of the License, or
2019-12-25 12:59:52,568 - DEBUG - [Thread-13] UM.Backend.Backend._backendLog [101]: [Backend] (at your option) any later version.
2019-12-25 12:59:52,572 - DEBUG - [Thread-13] UM.Backend.Backend._backendLog [101]: [Backend] 
2019-12-25 12:59:52,576 - DEBUG - [Thread-13] UM.Backend.Backend._backendLog [101]: [Backend] This program is distributed in the hope that it will be useful,
2019-12-25 12:59:52,579 - DEBUG - [Thread-13] UM.Backend.Backend._backendLog [101]: [Backend] but WITHOUT ANY WARRANTY; without even the implied warranty of
2019-12-25 12:59:52,582 - DEBUG - [Thread-13] UM.Backend.Backend._backendLog [101]: [Backend] MERCHANTABILITY or FITNESS FOR A PARTICULAR PURPOSE.  See the
2019-12-25 12:59:52,585 - DEBUG - [Thread-13] UM.Backend.Backend._backendLog [101]: [Backend] GNU Affero General Public License for more details.
2019-12-25 12:59:52,589 - DEBUG - [Thread-13] UM.Backend.Backend._backendLog [101]: [Backend] 
2019-12-25 12:59:52,593 - DEBUG - [Thread-13] UM.Backend.Backend._backendLog [101]: [Backend] You should have received a copy of the GNU Affero General Public License
2019-12-25 12:59:52,598 - DEBUG - [Thread-13] UM.Backend.Backend._backendLog [101]: [Backend] along with this program.  If not, see <http://www.gnu.org/licenses/>.
2019-12-25 12:59:52,784 - DEBUG - [MainThread] UM.Backend.Backend._logSocketState [175]: Socket state changed to Connected
2019-12-25 12:59:52,788 - DEBUG - [MainThread] UM.Backend.Backend._onSocketStateChanged [165]: Backend connected on port 49674
2019-12-25 13:00:02,262 - DEBUG - [MainThread] UM.Settings.ContainerRegistry.loadAllMetadata [342]: Loading metadata into container registry took 9.46501612663269 seconds
2019-12-25 13:00:02,403 - DEBUG - [MainThread] cura.Scene.CuraSceneController.setActiveBuildPlate [104]: Select build plate: 0
2019-12-25 13:00:02,407 - INFO - [MainThread] cura.CuraApplication.run [729]: Initializing variant manager
2019-12-25 13:00:02,586 - DEBUG - [MainThread] cura.Machines.VariantManager.initialize [59]: Exclude variant [empty_variant]
2019-12-25 13:00:02,591 - INFO - [MainThread] cura.CuraApplication.run [733]: Initializing material manager
2019-12-25 13:00:03,109 - ERROR - [MainThread] cura.Machines.MaterialManager.__addMaterialMetadataIntoLookupTree [266]: Material custom_material #2_imade3d_jellybox_0.4_mm_2-fans contains a variant 0.4 mm 2-fans that does not exist. It will not be added into the material lookup tree.
2019-12-25 13:00:03,115 - ERROR - [MainThread] cura.Machines.MaterialManager.__addMaterialMetadataIntoLookupTree [266]: Material custom_material_imade3d_jellybox_0.4_mm_2-fans contains a variant 0.4 mm 2-fans that does not exist. It will not be added into the material lookup tree.
2019-12-25 13:00:03,122 - INFO - [MainThread] cura.CuraApplication.run [738]: Initializing quality manager
2019-12-25 13:00:03,144 - DEBUG - [MainThread] cura.Machines.QualityManager.initialize [136]: Lookup tables updated.
2019-12-25 13:00:03,148 - INFO - [MainThread] cura.CuraApplication.run [743]: Initializing machine manager
2019-12-25 13:00:03,152 - INFO - [MainThread] cura.CuraApplication.run [746]: Initializing container manager
2019-12-25 13:00:03,155 - INFO - [MainThread] cura.CuraApplication.run [749]: Initializing machine error checker
2019-12-25 13:00:03,466 - INFO - [MainThread] cura.UI.MachineActionManager.addDefaultMachineActions [72]: Default machine actions added for machine definition [creality_ender3]
2019-12-25 13:00:03,493 - WARNING - [MainThread] UM.Settings.ContainerRegistry.addContainer [379]: Container with ID custom_material #2_creality_ender3 was already added.
2019-12-25 13:00:04,062 - DEBUG - [MainThread] PostProcessingPlugin.PostProcessingPlugin.loadScripts [170]: Begin loading of script: BQ_PauseAtHeight
2019-12-25 13:00:04,066 - DEBUG - [MainThread] PostProcessingPlugin.PostProcessingPlugin.loadScripts [170]: Begin loading of script: ChangeAtZ
2019-12-25 13:00:04,069 - DEBUG - [MainThread] PostProcessingPlugin.PostProcessingPlugin.loadScripts [170]: Begin loading of script: DisplayFilenameAndLayerOnLCD
2019-12-25 13:00:04,071 - DEBUG - [MainThread] PostProcessingPlugin.PostProcessingPlugin.loadScripts [170]: Begin loading of script: FilamentChange
2019-12-25 13:00:04,073 - DEBUG - [MainThread] PostProcessingPlugin.PostProcessingPlugin.loadScripts [170]: Begin loading of script: InsertAtLayerChange
2019-12-25 13:00:04,075 - DEBUG - [MainThread] PostProcessingPlugin.PostProcessingPlugin.loadScripts [170]: Begin loading of script: PauseAtHeight
2019-12-25 13:00:04,077 - DEBUG - [MainThread] PostProcessingPlugin.PostProcessingPlugin.loadScripts [170]: Begin loading of script: PauseAtHeightRepRapFirmwareDuet
2019-12-25 13:00:04,079 - DEBUG - [MainThread] PostProcessingPlugin.PostProcessingPlugin.loadScripts [170]: Begin loading of script: PauseAtHeightforRepetier
2019-12-25 13:00:04,081 - DEBUG - [MainThread] PostProcessingPlugin.PostProcessingPlugin.loadScripts [170]: Begin loading of script: SearchAndReplace
2019-12-25 13:00:04,084 - DEBUG - [MainThread] PostProcessingPlugin.PostProcessingPlugin.loadScripts [170]: Begin loading of script: Stretch
2019-12-25 13:00:04,086 - DEBUG - [MainThread] PostProcessingPlugin.PostProcessingPlugin.loadScripts [170]: Begin loading of script: TimeLapse
2019-12-25 13:00:04,088 - DEBUG - [MainThread] PostProcessingPlugin.PostProcessingPlugin.loadScripts [170]: Begin loading of script: UsePreviousProbeMeasurements
2019-12-25 13:00:04,272 - INFO - [MainThread] cura.Settings.GlobalStack.addExtruder [161]: Extruder[creality_base_extruder_0 #2] added to [Creality Ender-3] at position [0]
2019-12-25 13:00:04,276 - WARNING - [MainThread] cura.Settings.ExtruderManager.registerExtruder [170]: Extruder [creality_base_extruder_0 #2] has already been registered on machine [Creality Ender-3], not doing anything
2019-12-25 13:00:04,289 - INFO - [Thread-2] STLReader.STLReader.load_file [46]: Using NumPy-STL to load STL data.
2019-12-25 13:00:04,371 - DEBUG - [MainThread] cura.Machines.MaterialManager.getAvailableMaterials [361]: Exclude materials chromatik_pla, Vertex_Delta_PLA, tizyx_pla, verbatim_bvoh_175, zyyx_pro_pla, fabtotum_nylon, filo3d_pla, dsm_arnitel2045_175, fabtotum_abs, Vertex_Delta_ABS, polyflex_pla, polymax_pla, fiberlogy_hd_pla, fabtotum_pla, polyplus_pla, filo3d_pla_green, fabtotum_tpu, tizyx_abs, octofiber_pla, dsm_novamid1070_175, zyyx_pro_flex, innofill_innoflex60_175, Vertex_Delta_TPU, Vertex_Delta_PET, filo3d_pla_red, tizyx_pla_bois, polywood_pla for machine creality_ender3
2019-12-25 13:00:04,376 - INFO - [MainThread] cura.Settings.MachineManager._initMachineState [330]: Machine 'Creality Ender-3' quality set to 'standard'
2019-12-25 13:00:04,408 - DEBUG - [Thread-2] UM.Mesh.MeshData.calculateNormalsFromVertices [462]: Calculating normals took 0.03349804878234863 seconds
2019-12-25 13:00:04,458 - DEBUG - [Thread-2] STLReader.STLReader._read [97]: Loaded a mesh with 8520 vertices
2019-12-25 13:00:04,605 - INFO - [MainThread] FirmwareUpdateChecker.FirmwareUpdateChecker.checkFirmwareVersion [74]: No machine with name Creality Ender-3 in list of firmware to check.
2019-12-25 13:00:04,642 - DEBUG - [MainThread] UM.Scene.Camera._preferencesChanged [231]: Changing perspective mode to perspective.
2019-12-25 13:00:08,586 - DEBUG - [MainThread] PostProcessingPlugin.PostProcessingPlugin._createView [281]: Creating post processing plugin view.
2019-12-25 13:00:08,971 - DEBUG - [MainThread] UM.Qt.Bindings.Theme.load [158]: Loading theme file: /Applications/Ultimaker Cura.app/Contents/MacOS/resources/themes/cura-light/theme.json
2019-12-25 13:00:10,374 - DEBUG - [MainThread] UM.Qt.Bindings.Theme.load [231]: Loaded theme /Applications/Ultimaker Cura.app/Contents/MacOS/resources/themes/cura-light
2019-12-25 13:00:10,584 - DEBUG - [MainThread] PostProcessingPlugin.PostProcessingPlugin._createView [291]: Post processing view created.
2019-12-25 13:00:10,939 - DEBUG - [MainThread] cura.OAuth2.AuthorizationService._parseJWT [93]: There was no auth data or access token
2019-12-25 13:00:10,942 - DEBUG - [MainThread] cura.OAuth2.AuthorizationService._parseJWT [93]: There was no auth data or access token
2019-12-25 13:00:10,946 - DEBUG - [MainThread] cura.OAuth2.AuthorizationService._parseJWT [93]: There was no auth data or access token
2019-12-25 13:00:10,950 - WARNING - [MainThread] UM.Qt.Bindings.Theme.getImage [133]: No image header_pattern defined in Theme
2019-12-25 13:00:10,986 - WARNING - [MainThread] UM.Decorators.deprecated_function [19]: <function MachineManager.currentExtruderPositions at 0x600004221728> is deprecated (since 4.2): use Cura.MachineManager.activeMachine.extruders instead
2019-12-25 13:00:10,989 - WARNING - [MainThread] UM.Decorators.deprecated_function [19]: <function MachineManager.hasVariantBuildplates at 0x6000042265c8> is deprecated (since 4.2): use Cura.MachineManager.activeMachine.hasVariantBuildplates instead
2019-12-25 13:00:10,994 - DEBUG - [MainThread] cura.Machines.Models.BuildPlateModel._update [33]: Updating BuildPlateModel.
2019-12-25 13:00:11,942 - WARNING - [MainThread] UM.Qt.QtApplication.__onQmlWarning [369]: file:///Applications/Ultimaker Cura.app/Contents/MacOS/resources/qml/IconWithText.qml:51:5: QML Label: Binding loop detected for property "text"
2019-12-25 13:00:12,025 - WARNING - [MainThread] UM.Decorators.deprecated_function [19]: <function MachineManager._getExtruder at 0x600004220f48> is deprecated (since 4.2): use Cura.MachineManager.activeMachine.extruders instead
2019-12-25 13:00:12,046 - DEBUG - [MainThread] cura.Machines.Models.NozzleModel._update [34]: Updating NozzleModel.
2019-12-25 13:00:12,050 - DEBUG - [MainThread] cura.Machines.MaterialManager.getAvailableMaterials [361]: Exclude materials chromatik_pla, Vertex_Delta_PLA, tizyx_pla, verbatim_bvoh_175, zyyx_pro_pla, fabtotum_nylon, filo3d_pla, dsm_arnitel2045_175, fabtotum_abs, Vertex_Delta_ABS, polyflex_pla, polymax_pla, fiberlogy_hd_pla, fabtotum_pla, polyplus_pla, filo3d_pla_green, fabtotum_tpu, tizyx_abs, octofiber_pla, dsm_novamid1070_175, zyyx_pro_flex, innofill_innoflex60_175, Vertex_Delta_TPU, Vertex_Delta_PET, filo3d_pla_red, tizyx_pla_bois, polywood_pla for machine creality_ender3
2019-12-25 13:00:12,054 - DEBUG - [MainThread] cura.Machines.MaterialManager.getAvailableMaterials [361]: Exclude materials chromatik_pla, Vertex_Delta_PLA, tizyx_pla, verbatim_bvoh_175, zyyx_pro_pla, fabtotum_nylon, filo3d_pla, dsm_arnitel2045_175, fabtotum_abs, Vertex_Delta_ABS, polyflex_pla, polymax_pla, fiberlogy_hd_pla, fabtotum_pla, polyplus_pla, filo3d_pla_green, fabtotum_tpu, tizyx_abs, octofiber_pla, dsm_novamid1070_175, zyyx_pro_flex, innofill_innoflex60_175, Vertex_Delta_TPU, Vertex_Delta_PET, filo3d_pla_red, tizyx_pla_bois, polywood_pla for machine creality_ender3
2019-12-25 13:00:12,058 - DEBUG - [MainThread] cura.Machines.MaterialManager.getAvailableMaterials [361]: Exclude materials chromatik_pla, Vertex_Delta_PLA, tizyx_pla, verbatim_bvoh_175, zyyx_pro_pla, fabtotum_nylon, filo3d_pla, dsm_arnitel2045_175, fabtotum_abs, Vertex_Delta_ABS, polyflex_pla, polymax_pla, fiberlogy_hd_pla, fabtotum_pla, polyplus_pla, filo3d_pla_green, fabtotum_tpu, tizyx_abs, octofiber_pla, dsm_novamid1070_175, zyyx_pro_flex, innofill_innoflex60_175, Vertex_Delta_TPU, Vertex_Delta_PET, filo3d_pla_red, tizyx_pla_bois, polywood_pla for machine creality_ender3
2019-12-25 13:00:12,072 - WARNING - [MainThread] UM.Decorators.deprecated_function [19]: <function MachineManager.hasVariants at 0x6000042264a8> is deprecated (since 4.2): use Cura.MachineManager.activeMachine.hasVariants instead
2019-12-25 13:00:12,075 - WARNING - [MainThread] UM.Decorators.deprecated_function [19]: <function MachineManager.hasMaterials at 0x600004226388> is deprecated (since 4.2): use Cura.MachineManager.activeMachine.hasMaterials instead
2019-12-25 13:00:12,079 - DEBUG - [MainThread] cura.Machines.MaterialManager.getAvailableMaterials [361]: Exclude materials chromatik_pla, Vertex_Delta_PLA, tizyx_pla, verbatim_bvoh_175, zyyx_pro_pla, fabtotum_nylon, filo3d_pla, dsm_arnitel2045_175, fabtotum_abs, Vertex_Delta_ABS, polyflex_pla, polymax_pla, fiberlogy_hd_pla, fabtotum_pla, polyplus_pla, filo3d_pla_green, fabtotum_tpu, tizyx_abs, octofiber_pla, dsm_novamid1070_175, zyyx_pro_flex, innofill_innoflex60_175, Vertex_Delta_TPU, Vertex_Delta_PET, filo3d_pla_red, tizyx_pla_bois, polywood_pla for machine creality_ender3
2019-12-25 13:00:12,085 - DEBUG - [MainThread] cura.Machines.MaterialManager.getAvailableMaterials [361]: Exclude materials chromatik_pla, Vertex_Delta_PLA, tizyx_pla, verbatim_bvoh_175, zyyx_pro_pla, fabtotum_nylon, filo3d_pla, dsm_arnitel2045_175, fabtotum_abs, Vertex_Delta_ABS, polyflex_pla, polymax_pla, fiberlogy_hd_pla, fabtotum_pla, polyplus_pla, filo3d_pla_green, fabtotum_tpu, tizyx_abs, octofiber_pla, dsm_novamid1070_175, zyyx_pro_flex, innofill_innoflex60_175, Vertex_Delta_TPU, Vertex_Delta_PET, filo3d_pla_red, tizyx_pla_bois, polywood_pla for machine creality_ender3
2019-12-25 13:00:12,088 - DEBUG - [MainThread] cura.Machines.MaterialManager.getAvailableMaterials [361]: Exclude materials chromatik_pla, Vertex_Delta_PLA, tizyx_pla, verbatim_bvoh_175, zyyx_pro_pla, fabtotum_nylon, filo3d_pla, dsm_arnitel2045_175, fabtotum_abs, Vertex_Delta_ABS, polyflex_pla, polymax_pla, fiberlogy_hd_pla, fabtotum_pla, polyplus_pla, filo3d_pla_green, fabtotum_tpu, tizyx_abs, octofiber_pla, dsm_novamid1070_175, zyyx_pro_flex, innofill_innoflex60_175, Vertex_Delta_TPU, Vertex_Delta_PET, filo3d_pla_red, tizyx_pla_bois, polywood_pla for machine creality_ender3
2019-12-25 13:00:12,314 - DEBUG - [MainThread] OctoPrintPlugin.DiscoverOctoPrintAction._createAdditionalComponentsView [350]: Creating additional ui components for OctoPrint-connected printers.
2019-12-25 13:00:12,327 - WARNING - [MainThread] UM.Qt.QtApplication.__onQmlWarning [369]: file:///Applications/Ultimaker Cura.app/Contents/Resources/qml/QtQuick/Controls/Button.qml:99: TypeError: Cannot read property of null
2019-12-25 13:00:12,330 - WARNING - [MainThread] UM.Qt.QtApplication.__onQmlWarning [369]: file:///Users/berns/Library/Application Support/cura/4.3/plugins/OctoPrintPlugin/OctoPrintPlugin/qml/OctoPrintComponents.qml:25:16: Unable to assign [undefined] to QQmlComponent*
2019-12-25 13:00:12,334 - DEBUG - [MainThread] UM.Controller.setActiveStage [150]: Setting active stage to PrepareStage
2019-12-25 13:00:12,686 - DEBUG - [MainThread] cura.Machines.MaterialManager.getAvailableMaterials [361]: Exclude materials chromatik_pla, Vertex_Delta_PLA, tizyx_pla, verbatim_bvoh_175, zyyx_pro_pla, fabtotum_nylon, filo3d_pla, dsm_arnitel2045_175, fabtotum_abs, Vertex_Delta_ABS, polyflex_pla, polymax_pla, fiberlogy_hd_pla, fabtotum_pla, polyplus_pla, filo3d_pla_green, fabtotum_tpu, tizyx_abs, octofiber_pla, dsm_novamid1070_175, zyyx_pro_flex, innofill_innoflex60_175, Vertex_Delta_TPU, Vertex_Delta_PET, filo3d_pla_red, tizyx_pla_bois, polywood_pla for machine creality_ender3
2019-12-25 13:00:12,690 - DEBUG - [MainThread] cura.Machines.MaterialManager.getAvailableMaterials [361]: Exclude materials chromatik_pla, Vertex_Delta_PLA, tizyx_pla, verbatim_bvoh_175, zyyx_pro_pla, fabtotum_nylon, filo3d_pla, dsm_arnitel2045_175, fabtotum_abs, Vertex_Delta_ABS, polyflex_pla, polymax_pla, fiberlogy_hd_pla, fabtotum_pla, polyplus_pla, filo3d_pla_green, fabtotum_tpu, tizyx_abs, octofiber_pla, dsm_novamid1070_175, zyyx_pro_flex, innofill_innoflex60_175, Vertex_Delta_TPU, Vertex_Delta_PET, filo3d_pla_red, tizyx_pla_bois, polywood_pla for machine creality_ender3
2019-12-25 13:00:12,693 - DEBUG - [MainThread] cura.Machines.MaterialManager.getAvailableMaterials [361]: Exclude materials chromatik_pla, Vertex_Delta_PLA, tizyx_pla, verbatim_bvoh_175, zyyx_pro_pla, fabtotum_nylon, filo3d_pla, dsm_arnitel2045_175, fabtotum_abs, Vertex_Delta_ABS, polyflex_pla, polymax_pla, fiberlogy_hd_pla, fabtotum_pla, polyplus_pla, filo3d_pla_green, fabtotum_tpu, tizyx_abs, octofiber_pla, dsm_novamid1070_175, zyyx_pro_flex, innofill_innoflex60_175, Vertex_Delta_TPU, Vertex_Delta_PET, filo3d_pla_red, tizyx_pla_bois, polywood_pla for machine creality_ender3
2019-12-25 13:00:12,701 - DEBUG - [MainThread] cura.Machines.Models.NozzleModel._update [34]: Updating NozzleModel.
2019-12-25 13:00:12,706 - WARNING - [MainThread] UM.Decorators.deprecated_function [19]: <function MachineManager.activeMachineHasRemoteConnection at 0x600004224fd8> is deprecated (since 4.2): use Cura.MachineManager.activeMachine.configuredConnectionTypes instead
2019-12-25 13:00:12,730 - DEBUG - [MainThread] cura.Machines.MaterialManager.getAvailableMaterials [361]: Exclude materials chromatik_pla, Vertex_Delta_PLA, tizyx_pla, verbatim_bvoh_175, zyyx_pro_pla, fabtotum_nylon, filo3d_pla, dsm_arnitel2045_175, fabtotum_abs, Vertex_Delta_ABS, polyflex_pla, polymax_pla, fiberlogy_hd_pla, fabtotum_pla, polyplus_pla, filo3d_pla_green, fabtotum_tpu, tizyx_abs, octofiber_pla, dsm_novamid1070_175, zyyx_pro_flex, innofill_innoflex60_175, Vertex_Delta_TPU, Vertex_Delta_PET, filo3d_pla_red, tizyx_pla_bois, polywood_pla for machine creality_ender3
2019-12-25 13:00:12,735 - DEBUG - [MainThread] cura.Machines.MaterialManager.getAvailableMaterials [361]: Exclude materials chromatik_pla, Vertex_Delta_PLA, tizyx_pla, verbatim_bvoh_175, zyyx_pro_pla, fabtotum_nylon, filo3d_pla, dsm_arnitel2045_175, fabtotum_abs, Vertex_Delta_ABS, polyflex_pla, polymax_pla, fiberlogy_hd_pla, fabtotum_pla, polyplus_pla, filo3d_pla_green, fabtotum_tpu, tizyx_abs, octofiber_pla, dsm_novamid1070_175, zyyx_pro_flex, innofill_innoflex60_175, Vertex_Delta_TPU, Vertex_Delta_PET, filo3d_pla_red, tizyx_pla_bois, polywood_pla for machine creality_ender3
2019-12-25 13:00:12,739 - DEBUG - [MainThread] cura.Machines.MaterialManager.getAvailableMaterials [361]: Exclude materials chromatik_pla, Vertex_Delta_PLA, tizyx_pla, verbatim_bvoh_175, zyyx_pro_pla, fabtotum_nylon, filo3d_pla, dsm_arnitel2045_175, fabtotum_abs, Vertex_Delta_ABS, polyflex_pla, polymax_pla, fiberlogy_hd_pla, fabtotum_pla, polyplus_pla, filo3d_pla_green, fabtotum_tpu, tizyx_abs, octofiber_pla, dsm_novamid1070_175, zyyx_pro_flex, innofill_innoflex60_175, Vertex_Delta_TPU, Vertex_Delta_PET, filo3d_pla_red, tizyx_pla_bois, polywood_pla for machine creality_ender3
2019-12-25 13:00:12,939 - WARNING - [MainThread] UM.Qt.QtApplication.__onQmlWarning [369]: file:///Applications/Ultimaker Cura.app/Contents/MacOS/resources/qml/ActionButton.qml:79:9: QML Label: Binding loop detected for property "width"
2019-12-25 13:00:12,943 - WARNING - [MainThread] UM.Qt.QtApplication.__onQmlWarning [369]: file:///Applications/Ultimaker Cura.app/Contents/MacOS/resources/qml/ActionButton.qml:79:9: QML Label: Binding loop detected for property "width"
2019-12-25 13:00:12,947 - WARNING - [MainThread] UM.Qt.QtApplication.__onQmlWarning [369]: file:///Applications/Ultimaker Cura.app/Contents/MacOS/plugins/plugins/PrepareStage/PrepareMain.qml:16:5: QML ActionPanelWidget: Binding loop detected for property "width"
2019-12-25 13:00:12,951 - DEBUG - [MainThread] UM.Controller.setActiveView [92]: Setting active view to SolidView
2019-12-25 13:00:13,243 - WARNING - [MainThread] UM.Decorators.deprecated_function [19]: <function MachineManager.activeMachineId at 0x600004224d08> is deprecated (since 4.1): use Cura.MachineManager.activeMachine.id instead
2019-12-25 13:00:13,923 - DEBUG - [MainThread] SliceInfoPlugin.SliceInfo._createDialog [68]: Creating dialog [MoreInfoWindow.qml]
2019-12-25 13:00:13,962 - DEBUG - [MainThread] ModelChecker.ModelChecker._createView [107]: Creating model checker view.
2019-12-25 13:00:13,991 - DEBUG - [MainThread] ModelChecker.ModelChecker._createView [116]: Model checker view created.
2019-12-25 13:00:14,008 - DEBUG - [MainThread] Toolbox.src.Toolbox._makeRequestByType [529]: Requesting packages metadata from server.
2019-12-25 13:00:14,403 - DEBUG - [MainThread] Toolbox.src.Toolbox._makeRequestByType [529]: Requesting authors metadata from server.
2019-12-25 13:00:14,409 - DEBUG - [MainThread] cura.CuraApplication.run [786]: Booting Cura took 25.857656955718994 seconds
2019-12-25 13:00:14,979 - DEBUG - [MainThread] cura.Machines.MachineErrorChecker._rescheduleCheck [136]: New error check scheduled.
2019-12-25 13:00:15,003 - DEBUG - [MainThread] cura.Machines.QualityManager.initialize [136]: Lookup tables updated.
2019-12-25 13:00:15,007 - INFO - [MainThread] cura.Machines.MaterialManager._updateMaps [281]: Updating material lookup data ...
2019-12-25 13:00:15,057 - ERROR - [MainThread] cura.Machines.MaterialManager.__addMaterialMetadataIntoLookupTree [266]: Material custom_material #2_imade3d_jellybox_0.4_mm_2-fans contains a variant 0.4 mm 2-fans that does not exist. It will not be added into the material lookup tree.
2019-12-25 13:00:15,136 - ERROR - [MainThread] cura.Machines.MaterialManager.__addMaterialMetadataIntoLookupTree [266]: Material custom_material_imade3d_jellybox_0.4_mm_2-fans contains a variant 0.4 mm 2-fans that does not exist. It will not be added into the material lookup tree.
2019-12-25 13:00:15,143 - DEBUG - [MainThread] cura.Machines.MaterialManager.getAvailableMaterials [361]: Exclude materials chromatik_pla, Vertex_Delta_PLA, tizyx_pla, verbatim_bvoh_175, zyyx_pro_pla, fabtotum_nylon, filo3d_pla, dsm_arnitel2045_175, fabtotum_abs, Vertex_Delta_ABS, polyflex_pla, polymax_pla, fiberlogy_hd_pla, fabtotum_pla, polyplus_pla, filo3d_pla_green, fabtotum_tpu, tizyx_abs, octofiber_pla, dsm_novamid1070_175, zyyx_pro_flex, innofill_innoflex60_175, Vertex_Delta_TPU, Vertex_Delta_PET, filo3d_pla_red, tizyx_pla_bois, polywood_pla for machine creality_ender3
2019-12-25 13:00:15,146 - DEBUG - [MainThread] cura.Settings.MachineManager._updateQualityWithMaterial [1291]: Updating quality/quality_changes due to material change
2019-12-25 13:00:15,150 - DEBUG - [MainThread] cura.Settings.MachineManager._updateQualityWithMaterial [1298]: Current quality type = [standard]
2019-12-25 13:00:15,153 - INFO - [MainThread] cura.Settings.MachineManager._updateQualityWithMaterial [1312]: Current available quality type [standard] is available, applying changes.
2019-12-25 13:00:15,157 - DEBUG - [MainThread] cura.Machines.MaterialManager.getAvailableMaterials [361]: Exclude materials chromatik_pla, Vertex_Delta_PLA, tizyx_pla, verbatim_bvoh_175, zyyx_pro_pla, fabtotum_nylon, filo3d_pla, dsm_arnitel2045_175, fabtotum_abs, Vertex_Delta_ABS, polyflex_pla, polymax_pla, fiberlogy_hd_pla, fabtotum_pla, polyplus_pla, filo3d_pla_green, fabtotum_tpu, tizyx_abs, octofiber_pla, dsm_novamid1070_175, zyyx_pro_flex, innofill_innoflex60_175, Vertex_Delta_TPU, Vertex_Delta_PET, filo3d_pla_red, tizyx_pla_bois, polywood_pla for machine creality_ender3
2019-12-25 13:00:15,160 - DEBUG - [MainThread] cura.Machines.MaterialManager.getAvailableMaterials [361]: Exclude materials chromatik_pla, Vertex_Delta_PLA, tizyx_pla, verbatim_bvoh_175, zyyx_pro_pla, fabtotum_nylon, filo3d_pla, dsm_arnitel2045_175, fabtotum_abs, Vertex_Delta_ABS, polyflex_pla, polymax_pla, fiberlogy_hd_pla, fabtotum_pla, polyplus_pla, filo3d_pla_green, fabtotum_tpu, tizyx_abs, octofiber_pla, dsm_novamid1070_175, zyyx_pro_flex, innofill_innoflex60_175, Vertex_Delta_TPU, Vertex_Delta_PET, filo3d_pla_red, tizyx_pla_bois, polywood_pla for machine creality_ender3
2019-12-25 13:00:15,165 - DEBUG - [MainThread] cura.Machines.MaterialManager.getAvailableMaterials [361]: Exclude materials chromatik_pla, Vertex_Delta_PLA, tizyx_pla, verbatim_bvoh_175, zyyx_pro_pla, fabtotum_nylon, filo3d_pla, dsm_arnitel2045_175, fabtotum_abs, Vertex_Delta_ABS, polyflex_pla, polymax_pla, fiberlogy_hd_pla, fabtotum_pla, polyplus_pla, filo3d_pla_green, fabtotum_tpu, tizyx_abs, octofiber_pla, dsm_novamid1070_175, zyyx_pro_flex, innofill_innoflex60_175, Vertex_Delta_TPU, Vertex_Delta_PET, filo3d_pla_red, tizyx_pla_bois, polywood_pla for machine creality_ender3
2019-12-25 13:00:15,790 - DEBUG - [MainThread] UM.Qt.QtRenderer._initialize [181]: Support for Vertex Array Objects: True
2019-12-25 13:00:15,798 - DEBUG - [MainThread] UM.View.GL.OpenGL.__init__ [111]: Initialized OpenGL subsystems.
2019-12-25 13:00:15,801 - DEBUG - [MainThread] UM.View.GL.OpenGL.__init__ [112]: OpenGL Version:  4.1 INTEL-14.3.9
2019-12-25 13:00:15,804 - DEBUG - [MainThread] UM.View.GL.OpenGL.__init__ [113]: OpenGL Vendor:   Intel Inc.
2019-12-25 13:00:15,807 - DEBUG - [MainThread] UM.View.GL.OpenGL.__init__ [114]: OpenGL Renderer: Intel Iris Pro OpenGL Engine
2019-12-25 13:00:15,810 - DEBUG - [MainThread] UM.View.GL.OpenGL.__init__ [115]: GLSL Version:    4.10.0
2019-12-25 13:00:15,814 - DEBUG - [MainThread] UM.View.GL.ShaderProgram.load [56]: Loading shader file [/Applications/Ultimaker Cura.app/Contents/MacOS/resources/shaders/default.shader]...
2019-12-25 13:00:15,829 - DEBUG - [MainThread] UM.View.GL.ShaderProgram.load [56]: Loading shader file [/Applications/Ultimaker Cura.app/Contents/MacOS/resources/shaders/selection.shader]...
2019-12-25 13:00:15,851 - DEBUG - [MainThread] UM.View.GL.ShaderProgram.load [56]: Loading shader file [/Applications/Ultimaker Cura.app/Contents/MacOS/resources/shaders/select_face.shader]...
2019-12-25 13:00:15,860 - DEBUG - [MainThread] UM.View.GL.ShaderProgram.load [56]: Loading shader file [/Applications/Ultimaker Cura.app/Contents/MacOS/resources/shaders/default.shader]...
2019-12-25 13:00:15,866 - DEBUG - [MainThread] UM.View.GL.ShaderProgram.load [56]: Loading shader file [/Applications/Ultimaker Cura.app/Contents/MacOS/resources/shaders/composite.shader]...
2019-12-25 13:00:15,895 - DEBUG - [MainThread] UM.View.GL.ShaderProgram.load [56]: Loading shader file [/Applications/Ultimaker Cura.app/Contents/MacOS/resources/shaders/overhang.shader]...
2019-12-25 13:00:15,923 - DEBUG - [MainThread] UM.View.GL.ShaderProgram.load [56]: Loading shader file [/Applications/Ultimaker Cura.app/Contents/MacOS/resources/shaders/striped.shader]...
2019-12-25 13:00:15,940 - DEBUG - [MainThread] UM.View.GL.ShaderProgram.load [56]: Loading shader file [/Applications/Ultimaker Cura.app/Contents/MacOS/resources/shaders/transparent_object.shader]...
2019-12-25 13:00:15,949 - DEBUG - [MainThread] UM.View.GL.ShaderProgram.load [56]: Loading shader file [/Applications/Ultimaker Cura.app/Contents/MacOS/resources/shaders/striped.shader]...
2019-12-25 13:00:15,956 - DEBUG - [MainThread] UM.View.GL.ShaderProgram.load [56]: Loading shader file [/Applications/Ultimaker Cura.app/Contents/MacOS/resources/shaders/default.shader]...
2019-12-25 13:00:15,962 - DEBUG - [MainThread] UM.View.GL.ShaderProgram.load [56]: Loading shader file [/Applications/Ultimaker Cura.app/Contents/MacOS/resources/shaders/grid.shader]...
2019-12-25 13:00:15,970 - DEBUG - [MainThread] UM.View.GL.ShaderProgram.load [56]: Loading shader file [/Applications/Ultimaker Cura.app/Contents/MacOS/resources/shaders/platform.shader]...
2019-12-25 13:00:16,075 - DEBUG - [MainThread] cura.Machines.Models.CustomQualityProfilesDropDownMenuModel._update [15]: Updating CustomQualityProfilesDropDownMenuModel.
2019-12-25 13:00:16,081 - INFO - [MainThread] cura.Machines.QualityManager.getQualityChangesGroups [179]: Cannot find node for machine def [creality_base] in QualityChanges lookup table
2019-12-25 13:00:16,086 - DEBUG - [MainThread] cura.Machines.Models.QualityProfilesDropDownMenuModel._update [61]: Updating QualityProfilesDropDownMenuModel.
2019-12-25 13:00:16,826 - DEBUG - [MainThread] cura.Machines.QualityManager.initialize [136]: Lookup tables updated.
2019-12-25 13:00:16,928 - DEBUG - [MainThread] cura.Machines.Models.CustomQualityProfilesDropDownMenuModel._update [15]: Updating CustomQualityProfilesDropDownMenuModel.
2019-12-25 13:00:16,934 - INFO - [MainThread] cura.Machines.QualityManager.getQualityChangesGroups [179]: Cannot find node for machine def [creality_base] in QualityChanges lookup table
2019-12-25 13:00:16,940 - DEBUG - [MainThread] cura.Machines.Models.QualityProfilesDropDownMenuModel._update [61]: Updating QualityProfilesDropDownMenuModel.
2019-12-25 13:00:17,428 - INFO - [MainThread] cura.Machines.MachineErrorChecker._setResult [188]: Error check finished, result = False, time = 2.5s
2019-12-25 13:00:26,101 - DEBUG - [MainThread] cura.AutoSave._onTimeout [56]: Autosaving preferences, instances and profiles
2019-12-25 13:01:01,849 - DEBUG - [MainThread] cura.TaskManagement.OnExitCallbackManager.triggerNextCallback [51]: No more on-app-exit callbacks to process. Tell the app to exit.
2019-12-25 13:01:01,852 - INFO - [MainThread] cura.CuraApplication.closeApplication [584]: Close application
2019-12-25 13:01:01,862 - DEBUG - [MainThread] UM.Qt.QtApplication.windowClosed [434]: Shutting down cura
2019-12-25 13:01:01,878 - DEBUG - [MainThread] CuraEngineBackend.CuraEngineBackend._terminate [292]: Attempting to kill the engine process
2019-12-25 13:01:01,879 - DEBUG - [MainThread] CuraEngineBackend.CuraEngineBackend._terminate [298]: Killing engine process
2019-12-25 13:01:01,879 - DEBUG - [MainThread] CuraEngineBackend.CuraEngineBackend._terminate [301]: Engine process is killed. Received return code -15
